<?xml version="1.0" encoding="UTF-8"?>
<!-- Generated by org.testng.reporters.JUnitReportReporter -->
<testsuite hostname="Praveen-PC" name="com.custommade.tests.SampleTest" tests="1" failures="0" timestamp="18 Jun 2014 05:45:19 GMT" time="1.693" errors="0">
  <testcase name="sampleTest" time="1.693" classname="com.custommade.tests.SampleTest"/>
</testsuite> <!-- com.custommade.tests.SampleTest -->
