<?xml version="1.0" encoding="UTF-8"?>
<!-- Generated by org.testng.reporters.JUnitReportReporter -->
<testsuite hostname="Ansar-MAC-PC.local" name="com.custommade.tests.LoginRegistration" tests="1" failures="0" timestamp="13 Mar 2013 15:25:29 GMT" time="7.336" errors="0">
  <testcase name="method1" time="7.336" classname="com.custommade.tests.LoginRegistration"/>
</testsuite> <!-- com.custommade.tests.LoginRegistration -->
