<?xml version="1.0" encoding="UTF-8"?>
<!-- Generated by org.testng.reporters.JUnitReportReporter -->
<testsuite hostname="Visakhs-iMac-3.local" name="com.custommade.tests.SampleTest" tests="1" failures="0" timestamp="27 May 2014 08:32:44 GMT" time="1.409" errors="0">
  <testcase name="sampleTest" time="1.409" classname="com.custommade.tests.SampleTest"/>
</testsuite> <!-- com.custommade.tests.SampleTest -->
